0 info it worked if it ends with ok
1 verbose cli [ 'nodejs', '/usr/bin/npm', 'publish', '.' ]
2 info using npm@1.2.2
3 info using node@v0.8.18
4 verbose publish [ '.' ]
5 verbose read json /home/designhub/design/node_modules/ss-handlebars-formatter/package.json
6 verbose cache add [ '.', null ]
7 verbose cache add name=undefined spec="." args=[".",null]
8 verbose parsed url { pathname: '.', path: '.', href: '.' }
9 silly lockFile 3a52ce78- .
10 verbose lock . /home/designhub/.npm/3a52ce78-.lock
11 verbose read json package.json
12 verbose tar pack [ '/home/designhub/tmp/npm-788/1360085046160-0.27968274732120335/tmp.tgz',
12 verbose tar pack   '.' ]
13 verbose tarball /home/designhub/tmp/npm-788/1360085046160-0.27968274732120335/tmp.tgz
14 verbose folder .
15 info prepublish ss-handlebars-formatter@0.0.2
16 silly lockFile 618e3032-6160-0-27968274732120335-tmp-tgz /home/designhub/tmp/npm-788/1360085046160-0.27968274732120335/tmp.tgz
17 verbose lock /home/designhub/tmp/npm-788/1360085046160-0.27968274732120335/tmp.tgz /home/designhub/.npm/618e3032-6160-0-27968274732120335-tmp-tgz.lock
18 silly lockFile 618e3032-6160-0-27968274732120335-tmp-tgz /home/designhub/tmp/npm-788/1360085046160-0.27968274732120335/tmp.tgz
19 verbose tar unpack /home/designhub/tmp/npm-788/1360085046160-0.27968274732120335/tmp.tgz
20 silly lockFile 7fd77ed0-6160-0-27968274732120335-package /home/designhub/tmp/npm-788/1360085046160-0.27968274732120335/package
21 verbose lock /home/designhub/tmp/npm-788/1360085046160-0.27968274732120335/package /home/designhub/.npm/7fd77ed0-6160-0-27968274732120335-package.lock
22 silly gunzTarPerm modes [ '755', '644' ]
23 silly gunzTarPerm extractEntry package.json
24 silly gunzTarPerm modified mode [ 'package.json', 438, 420 ]
25 silly gunzTarPerm extractEntry .npmignore
26 silly gunzTarPerm extractEntry README.md
27 silly gunzTarPerm modified mode [ 'README.md', 438, 420 ]
28 silly gunzTarPerm extractEntry wrapper.js
29 silly gunzTarPerm modified mode [ 'wrapper.js', 438, 420 ]
30 verbose read json /home/designhub/tmp/npm-788/1360085046160-0.27968274732120335/package/package.json
31 silly lockFile 7fd77ed0-6160-0-27968274732120335-package /home/designhub/tmp/npm-788/1360085046160-0.27968274732120335/package
32 verbose from cache /home/designhub/tmp/npm-788/1360085046160-0.27968274732120335/package/package.json
33 verbose tar pack [ '/home/designhub/.npm/ss-handlebars-formatter/0.0.2/package.tgz',
33 verbose tar pack   '/home/designhub/tmp/npm-788/1360085046160-0.27968274732120335/package' ]
34 verbose tarball /home/designhub/.npm/ss-handlebars-formatter/0.0.2/package.tgz
35 verbose folder /home/designhub/tmp/npm-788/1360085046160-0.27968274732120335/package
36 silly lockFile ece62e64-bars-formatter-0-0-2-package-tgz /home/designhub/.npm/ss-handlebars-formatter/0.0.2/package.tgz
37 verbose lock /home/designhub/.npm/ss-handlebars-formatter/0.0.2/package.tgz /home/designhub/.npm/ece62e64-bars-formatter-0-0-2-package-tgz.lock
38 silly lockFile ece62e64-bars-formatter-0-0-2-package-tgz /home/designhub/.npm/ss-handlebars-formatter/0.0.2/package.tgz
39 silly lockFile 5a2e4529-ndlebars-formatter-0-0-2-package /home/designhub/.npm/ss-handlebars-formatter/0.0.2/package
40 verbose lock /home/designhub/.npm/ss-handlebars-formatter/0.0.2/package /home/designhub/.npm/5a2e4529-ndlebars-formatter-0-0-2-package.lock
41 silly lockFile 5a2e4529-ndlebars-formatter-0-0-2-package /home/designhub/.npm/ss-handlebars-formatter/0.0.2/package
42 verbose tar unpack /home/designhub/.npm/ss-handlebars-formatter/0.0.2/package.tgz
43 silly lockFile 5a2e4529-ndlebars-formatter-0-0-2-package /home/designhub/.npm/ss-handlebars-formatter/0.0.2/package
44 verbose lock /home/designhub/.npm/ss-handlebars-formatter/0.0.2/package /home/designhub/.npm/5a2e4529-ndlebars-formatter-0-0-2-package.lock
45 silly gunzTarPerm modes [ '755', '644' ]
46 silly gunzTarPerm extractEntry package.json
47 silly gunzTarPerm extractEntry .npmignore
48 silly gunzTarPerm extractEntry README.md
49 silly gunzTarPerm extractEntry wrapper.js
50 verbose read json /home/designhub/.npm/ss-handlebars-formatter/0.0.2/package/package.json
51 silly lockFile 5a2e4529-ndlebars-formatter-0-0-2-package /home/designhub/.npm/ss-handlebars-formatter/0.0.2/package
52 silly shasum updated bytes 1116
53 info shasum 773ef614858fcbe165000ce5e6fe03834ed116de
53 info shasum /home/designhub/.npm/ss-handlebars-formatter/0.0.2/package.tgz
54 verbose from cache /home/designhub/.npm/ss-handlebars-formatter/0.0.2/package/package.json
55 verbose chmod /home/designhub/.npm/ss-handlebars-formatter/0.0.2/package.tgz 644
56 verbose chown /home/designhub/.npm/ss-handlebars-formatter/0.0.2/package.tgz [ 1012, 1002 ]
57 silly lockFile 3a52ce78- .
58 silly publish { name: 'ss-handlebars-formatter',
58 silly publish   author: { name: 'Vitaly Aminev, Boris Povod', email: 'v@avvs.co' },
58 silly publish   description: 'Handlebars wrapper for SocketStream 0.3',
58 silly publish   version: '0.0.2',
58 silly publish   main: './wrapper.js',
58 silly publish   repository:
58 silly publish    { type: 'git',
58 silly publish      url: 'https://github.com/AVVSDevelopment/ss-handlebars-formatter' },
58 silly publish   engines: { node: '>= 0.6.0' },
58 silly publish   dependencies: { handlebars: '1.x' },
58 silly publish   readme: '# Handlebars Template Server Engine wrapper for SocketStream 0.3\r\n\r\nhttp://handlebarsjs.com/\r\n\r\nUse pre-compiled Handlebars server-side templates in your app.\r\n\r\n### Installation\r\nAdd ss-handlebars-formatter to your application\'s package.json file and then add this line to app.js:\r\n\r\n```javascript\r\nss.client.formatters.add require \'ss-handlebars-formatter\'  - for coffee-script.\r\nss.client.formatters.add(require(\'ss-handlebars-formatter\')); - for javascript.\r\n```\r\n\r\n### Git\r\nhttps://github.com/AVVSDevelopment/ss-handlebars-formatter',
58 silly publish   readmeFilename: 'README.md',
58 silly publish   _id: 'ss-handlebars-formatter@0.0.2',
58 silly publish   dist: { shasum: '773ef614858fcbe165000ce5e6fe03834ed116de' },
58 silly publish   _from: '.' }
59 verbose url raw ss-handlebars-formatter
60 verbose url resolving [ 'https://registry.npmjs.org/', './ss-handlebars-formatter' ]
61 verbose url resolved https://registry.npmjs.org/ss-handlebars-formatter
62 info trying registry request attempt 1 at 21:24:06
63 http PUT https://registry.npmjs.org/ss-handlebars-formatter
64 http 409 https://registry.npmjs.org/ss-handlebars-formatter
65 verbose url raw ss-handlebars-formatter
66 verbose url resolving [ 'https://registry.npmjs.org/', './ss-handlebars-formatter' ]
67 verbose url resolved https://registry.npmjs.org/ss-handlebars-formatter
68 info trying registry request attempt 1 at 21:24:07
69 http GET https://registry.npmjs.org/ss-handlebars-formatter
70 http 200 https://registry.npmjs.org/ss-handlebars-formatter
71 verbose url raw ss-handlebars-formatter/0.0.2/-tag/latest
72 verbose url resolving [ 'https://registry.npmjs.org/',
72 verbose url resolving   './ss-handlebars-formatter/0.0.2/-tag/latest' ]
73 verbose url resolved https://registry.npmjs.org/ss-handlebars-formatter/0.0.2/-tag/latest
74 info trying registry request attempt 1 at 21:24:08
75 http PUT https://registry.npmjs.org/ss-handlebars-formatter/0.0.2/-tag/latest
76 http 403 https://registry.npmjs.org/ss-handlebars-formatter/0.0.2/-tag/latest
77 error publish Error sending version data
78 error Error: forbidden Please log in before writing to the db: ss-handlebars-formatter/0.0.2/-tag/latest
78 error     at RegClient.<anonymous> (/usr/lib/nodejs/npm/node_modules/npm-registry-client/lib/request.js:259:14)
78 error     at Request.init.self.callback (/usr/lib/nodejs/npm/node_modules/request/main.js:120:22)
78 error     at Request.EventEmitter.emit (events.js:99:17)
78 error     at Request.<anonymous> (/usr/lib/nodejs/npm/node_modules/request/main.js:648:16)
78 error     at Request.EventEmitter.emit (events.js:126:20)
78 error     at IncomingMessage.Request.start.self.req.self.httpModule.request.buffer (/usr/lib/nodejs/npm/node_modules/request/main.js:610:14)
78 error     at IncomingMessage.EventEmitter.emit (events.js:126:20)
78 error     at IncomingMessage._emitEnd (http.js:366:10)
78 error     at HTTPParser.parserOnMessageComplete [as onMessageComplete] (http.js:149:23)
78 error     at CleartextStream.socketOnData [as ondata] (http.js:1447:20)
79 error If you need help, you may report this log at:
79 error     <http://github.com/isaacs/npm/issues>
79 error or email it to:
79 error     <npm-@googlegroups.com>
80 error System Linux 3.2.0-32-generic
81 error command "nodejs" "/usr/bin/npm" "publish" "."
82 error cwd /home/designhub/design/node_modules/ss-handlebars-formatter
83 error node -v v0.8.18
84 error npm -v 1.2.2
85 verbose exit [ 1, true ]
